<?xml version="1.0" encoding="UTF-8"?>
<!-- Generated by org.testng.reporters.JUnitReportReporter -->
<testsuite hostname="DESKTOP-6KAM5Q7" failures="0" tests="1" name="logins.UserExplore" time="8.233" errors="0" timestamp="2024-06-19T15:54:59 IST" skipped="0">
  <testcase classname="logins.UserExplore" name="exploreTest" time="8.233"/>
</testsuite> <!-- logins.UserExplore -->
